[31/May/2022:13:32:23] (I): WordPress Instance Info:
[31/May/2022:13:32:23] (I): Home URL : http://localhost/blog_wordpress
[31/May/2022:13:32:23] (I): Site URL : http://localhost/blog_wordpress
[31/May/2022:13:32:23] (I): WordPress Version : 6.0
[31/May/2022:13:32:23] (I): Onboarding Version : 1.1.22
[31/May/2022:13:32:23] (I): Multisite : No
[31/May/2022:13:32:23] (I): Server Info : Apache/2.4.47 (Win64) OpenSSL/1.1.1k PHP/7.4.19
[31/May/2022:13:32:23] (I): PHP Version : 7.4.19
[31/May/2022:13:32:23] (I): HTTPS : No
[31/May/2022:13:32:23] (I): PHP Max Execution Time : 36000
[31/May/2022:13:32:23] (I): PHP Max Input Vars : 1000
[31/May/2022:13:32:23] (I): Max Upload Size : 2147483648
[31/May/2022:13:32:23] (I): Plugins:
[31/May/2022:13:32:23] (I): [PLUGIN] Akismet Anti-Spam : v4.2.4 (Automattic)
[31/May/2022:13:32:23] (I): [PLUGIN] Child Theme Configurator : v2.5.9 (Lilaea Media)
[31/May/2022:13:32:23] (I): [PLUGIN] Contact Form 7 : v5.5.6.1 (Takayuki Miyoshi)
[31/May/2022:13:32:23] (I): [PLUGIN] Flamingo : v2.2.3 (Takayuki Miyoshi)
[31/May/2022:13:32:23] (I): [PLUGIN] Mon premier formulaire : v1.0.0 (Cocci38)
[31/May/2022:13:32:23] (I): [PLUGIN] Mon premier plugin : v0.1 (Cocci38)
[31/May/2022:13:32:23] (I): [PLUGIN] Gutenberg Blocks and Template Library by Otter : v2.0.5 (ThemeIsle)
[31/May/2022:13:32:23] (I): [PLUGIN] Simple Iframe : v1.1.1 (Jorge González)
[31/May/2022:13:32:23] (I): [PLUGIN] Templates Patterns Collection : v1.1.22 (ThemeIsle)
[31/May/2022:13:32:23] (I): [PLUGIN] Show IDs : v1.1.8 (DraftPress)
